<html>
<body>
<pre>
<h1>µVision Build Log</h1>
<h2>Project:</h2>
C:\Keil\ValvanoWareTM4C123\Lab8\getWeather.uvproj
Project File Date:  10/31/2016

<h2>Output:</h2>
Build target 'getWeather'
compiling main.c...
linking...
Program Size: Code=4104 RO-data=692 RW-data=44 ZI-data=17564  
After Build - User command #1: fromelf --bin --output .\rvmdk\cc31000_starter.bin .\rvmdk\cc31000_starter.axf
".\rvmdk\getWeather.axf" - 0 Error(s), 0 Warning(s).
</pre>
</body>
</html>
eTM4C123\\Lab8\\rvmdk\\getWeather.axf" 
Connecting: Mode=JTAG, Speed=1000000Hz
Erase Done.
Programming Done.
Verify OK.
ming Done.
Verify OK.
ng Done.
Verify OK.
eclared but never referenced
  RobotState segway;
main.c(151): error:  #169: expected a declaration
  }
main.c(153): warning: At end of source:  #12-D: parsing restarts here after previous syntax error
main.c: 4 warnings, 3 errors
compiling board.c...
compiling LED.c...
compiling spi.c...
assembling startup_rvmdk.S...
compiling uart.c...
compiling uartstdio.c...
compiling ustdlib.c...
compiling ST7735.c...
compiling ADCSWTrigger.c...
compiling Timers.c...
compiling i2c.c...
compiling motor.c...
compiling MPU6050.c...
MPU6050.h(15): error:  #65: expected a ";"
  void MPU6050_SetGyroOffestZ(uint16_t offset){
MPU6050.c(427): warning: At end of source:  #12-D: parsing restarts here after previous syntax error
MPU6050.c(427): error: At end of source:  #67: expected a "}"
MPU6050.c: 1 warning, 2 errors
compiling SysTick.c...
compiling PLL.c...
compiling switch.c...
compiling sense.c...
MPU6050.h(15): error:  #65: expected a ";"
  void MPU6050_SetGyroOffestZ(uint16_t offset){
sense.c(12): warning: At end of source:  #12-D: parsing restarts here after previous syntax error
sense.c(12): error: At end of source:  #67: expected a "}"
sense.c: 1 warning, 2 errors
".\rvmdk\getWeather.axf" - 7 Error(s), 6 Warning(s).
Target not created
